<?xml version="1.0" encoding="UTF-8"?>
<!-- Generated by org.testng.reporters.JUnitReportReporter -->
<testsuite skipped="0" hostname="WKWIN1197952" name="com.rest_assured.smokeapi.PutDataTest" tests="1" failures="0" timestamp="03 Mar 2020 08:08:05 GMT" time="6.258" errors="0">
  <testcase name="putData" time="6.258" classname="com.rest_assured.smokeapi.PutDataTest"/>
</testsuite> <!-- com.rest_assured.smokeapi.PutDataTest -->
